INFO 2024-12-22 11:58:32,249 autoreload Watching for file changes with StatReloader
INFO 2024-12-22 11:59:19,552 autoreload D:\School\IT 120\Final Project\Final Project\Team\Billy\Receiving\receiving_project\receiving_application\views.py changed, reloading.
INFO 2024-12-22 11:59:20,535 autoreload Watching for file changes with StatReloader
WARNING 2024-12-22 11:59:28,561 log Unauthorized: /receive-message/
WARNING 2024-12-22 11:59:28,562 basehttp "GET /receive-message/ HTTP/1.1" 401 3756
WARNING 2024-12-22 11:59:43,936 log Bad Request: /receive-message/
WARNING 2024-12-22 11:59:43,939 basehttp "POST /receive-message/ HTTP/1.1" 400 80
WARNING 2024-12-22 11:59:45,950 log Bad Request: /receive-message/
WARNING 2024-12-22 11:59:45,951 basehttp "POST /receive-message/ HTTP/1.1" 400 80
WARNING 2024-12-22 11:59:47,969 log Bad Request: /receive-message/
WARNING 2024-12-22 11:59:47,971 basehttp "POST /receive-message/ HTTP/1.1" 400 80
WARNING 2024-12-22 12:02:46,418 log Bad Request: /receive-message/
WARNING 2024-12-22 12:02:46,420 basehttp "POST /receive-message/ HTTP/1.1" 400 80
WARNING 2024-12-22 12:02:48,452 log Bad Request: /receive-message/
WARNING 2024-12-22 12:02:48,455 basehttp "POST /receive-message/ HTTP/1.1" 400 80
WARNING 2024-12-22 12:02:50,483 log Bad Request: /receive-message/
WARNING 2024-12-22 12:02:50,486 basehttp "POST /receive-message/ HTTP/1.1" 400 80
INFO 2024-12-22 12:04:43,362 autoreload D:\School\IT 120\Final Project\Final Project\Team\Billy\Receiving\receiving_project\receiving_application\middleware.py changed, reloading.
INFO 2024-12-22 12:04:44,128 autoreload Watching for file changes with StatReloader
INFO 2024-12-22 12:05:51,971 autoreload Watching for file changes with StatReloader
WARNING 2024-12-22 12:05:59,294 log Not Found: /
WARNING 2024-12-22 12:05:59,295 basehttp "GET / HTTP/1.1" 404 2441
WARNING 2024-12-22 12:06:05,922 log Unauthorized: /receive-message/
WARNING 2024-12-22 12:06:05,923 basehttp "GET /receive-message/ HTTP/1.1" 401 3756
WARNING 2024-12-22 12:06:21,204 log Bad Request: /receive-message/
WARNING 2024-12-22 12:06:21,206 basehttp "POST /receive-message/ HTTP/1.1" 400 80
WARNING 2024-12-22 12:06:23,236 log Bad Request: /receive-message/
WARNING 2024-12-22 12:06:23,239 basehttp "POST /receive-message/ HTTP/1.1" 400 80
WARNING 2024-12-22 12:06:25,291 log Bad Request: /receive-message/
WARNING 2024-12-22 12:06:25,294 basehttp "POST /receive-message/ HTTP/1.1" 400 80
INFO 2024-12-22 12:08:23,223 autoreload D:\School\IT 120\Final Project\Final Project\Team\Billy\Receiving\receiving_project\receiving_application\middleware.py changed, reloading.
INFO 2024-12-22 12:08:23,986 autoreload Watching for file changes with StatReloader
WARNING 2024-12-22 12:08:36,463 log Unauthorized: /receive-message/
WARNING 2024-12-22 12:08:36,464 basehttp "GET /receive-message/ HTTP/1.1" 401 3756
WARNING 2024-12-22 12:08:43,972 log Bad Request: /receive-message/
WARNING 2024-12-22 12:08:43,973 basehttp "POST /receive-message/ HTTP/1.1" 400 66
WARNING 2024-12-22 12:08:45,981 log Bad Request: /receive-message/
WARNING 2024-12-22 12:08:45,981 basehttp "POST /receive-message/ HTTP/1.1" 400 66
WARNING 2024-12-22 12:08:48,009 log Bad Request: /receive-message/
WARNING 2024-12-22 12:08:48,014 basehttp "POST /receive-message/ HTTP/1.1" 400 66
INFO 2024-12-22 12:08:58,239 autoreload Watching for file changes with StatReloader
WARNING 2024-12-22 12:09:04,083 log Not Found: /
WARNING 2024-12-22 12:09:04,085 basehttp "GET / HTTP/1.1" 404 2441
WARNING 2024-12-22 12:09:09,112 log Unauthorized: /receive-message/
WARNING 2024-12-22 12:09:09,114 basehttp "GET /receive-message/ HTTP/1.1" 401 3756
WARNING 2024-12-22 12:09:09,623 log Unauthorized: /receive-message/
WARNING 2024-12-22 12:09:09,624 basehttp "GET /receive-message/ HTTP/1.1" 401 3756
WARNING 2024-12-22 12:09:29,715 log Bad Request: /receive-message/
WARNING 2024-12-22 12:09:29,718 basehttp "POST /receive-message/ HTTP/1.1" 400 66
WARNING 2024-12-22 12:09:31,727 log Bad Request: /receive-message/
WARNING 2024-12-22 12:09:31,727 basehttp "POST /receive-message/ HTTP/1.1" 400 66
WARNING 2024-12-22 12:09:33,759 log Bad Request: /receive-message/
WARNING 2024-12-22 12:09:33,760 basehttp "POST /receive-message/ HTTP/1.1" 400 66
INFO 2024-12-22 12:11:18,571 autoreload D:\School\IT 120\Final Project\Final Project\Team\Billy\Receiving\receiving_project\receiving_application\middleware.py changed, reloading.
INFO 2024-12-22 12:11:19,402 autoreload Watching for file changes with StatReloader
INFO 2024-12-22 12:11:42,174 autoreload D:\School\IT 120\Final Project\Final Project\Team\Billy\Receiving\receiving_project\receiving_application\views.py changed, reloading.
INFO 2024-12-22 12:11:42,903 autoreload Watching for file changes with StatReloader
INFO 2024-12-22 12:12:34,447 autoreload D:\School\IT 120\Final Project\Final Project\Team\Billy\Receiving\receiving_project\receiving_application\views.py changed, reloading.
INFO 2024-12-22 12:12:35,182 autoreload Watching for file changes with StatReloader
INFO 2024-12-22 12:12:48,764 autoreload Watching for file changes with StatReloader
WARNING 2024-12-22 12:12:55,658 log Not Found: /
WARNING 2024-12-22 12:12:55,659 basehttp "GET / HTTP/1.1" 404 2441
WARNING 2024-12-22 12:13:01,385 log Unauthorized: /receive-message/
WARNING 2024-12-22 12:13:01,385 basehttp "GET /receive-message/ HTTP/1.1" 401 3756
WARNING 2024-12-22 12:13:02,089 log Unauthorized: /receive-message/
WARNING 2024-12-22 12:13:02,089 basehttp "GET /receive-message/ HTTP/1.1" 401 3756
INFO 2024-12-22 12:13:16,021 basehttp "POST /receive-message/ HTTP/1.1" 200 62
INFO 2024-12-22 12:13:40,459 basehttp "POST /receive-message/ HTTP/1.1" 200 62
INFO 2024-12-22 12:16:25,309 autoreload D:\School\IT 120\Final Project\Final Project\Team\Billy\Receiving\receiving_project\receiving_application\views.py changed, reloading.
INFO 2024-12-22 12:16:26,018 autoreload Watching for file changes with StatReloader
WARNING 2024-12-22 12:16:28,573 log Unauthorized: /receive-message/
WARNING 2024-12-22 12:16:28,574 basehttp "GET /receive-message/ HTTP/1.1" 401 3756
WARNING 2024-12-22 12:16:33,225 log Bad Request: /receive-message/
WARNING 2024-12-22 12:16:33,225 basehttp "POST /receive-message/ HTTP/1.1" 400 31
WARNING 2024-12-22 12:16:35,361 log Bad Request: /receive-message/
WARNING 2024-12-22 12:16:35,362 basehttp "POST /receive-message/ HTTP/1.1" 400 31
WARNING 2024-12-22 12:16:37,449 log Bad Request: /receive-message/
WARNING 2024-12-22 12:16:37,450 basehttp "POST /receive-message/ HTTP/1.1" 400 31
INFO 2024-12-22 12:17:55,632 autoreload D:\School\IT 120\Final Project\Final Project\Team\Billy\Receiving\receiving_project\receiving_application\views.py changed, reloading.
INFO 2024-12-22 12:17:56,294 autoreload Watching for file changes with StatReloader
INFO 2024-12-22 12:18:20,399 autoreload Watching for file changes with StatReloader
WARNING 2024-12-22 12:18:38,063 log Not Found: /
WARNING 2024-12-22 12:18:38,065 basehttp "GET / HTTP/1.1" 404 2441
WARNING 2024-12-22 12:18:42,119 log Unauthorized: /receive-message/
WARNING 2024-12-22 12:18:42,120 basehttp "GET /receive-message/ HTTP/1.1" 401 3756
WARNING 2024-12-22 12:18:45,633 log Unauthorized: /receive-message/
WARNING 2024-12-22 12:18:45,634 basehttp "GET /receive-message/ HTTP/1.1" 401 3756
WARNING 2024-12-22 12:18:52,401 log Bad Request: /receive-message/
WARNING 2024-12-22 12:18:52,402 basehttp "POST /receive-message/ HTTP/1.1" 400 44
WARNING 2024-12-22 12:18:54,458 log Bad Request: /receive-message/
WARNING 2024-12-22 12:18:54,461 basehttp "POST /receive-message/ HTTP/1.1" 400 44
WARNING 2024-12-22 12:18:56,479 log Bad Request: /receive-message/
WARNING 2024-12-22 12:18:56,480 basehttp "POST /receive-message/ HTTP/1.1" 400 44
INFO 2024-12-22 12:20:40,554 autoreload D:\School\IT 120\Final Project\Final Project\Team\Billy\Receiving\receiving_project\receiving_application\views.py changed, reloading.
INFO 2024-12-22 12:20:41,237 autoreload Watching for file changes with StatReloader
INFO 2024-12-22 12:21:19,039 autoreload Watching for file changes with StatReloader
WARNING 2024-12-22 12:21:24,800 log Not Found: /
WARNING 2024-12-22 12:21:24,801 basehttp "GET / HTTP/1.1" 404 2441
WARNING 2024-12-22 12:21:30,778 log Unauthorized: /receive-message/
WARNING 2024-12-22 12:21:30,781 basehttp "GET /receive-message/ HTTP/1.1" 401 3756
WARNING 2024-12-22 12:21:31,412 log Unauthorized: /receive-message/
WARNING 2024-12-22 12:21:31,413 basehttp "GET /receive-message/ HTTP/1.1" 401 3756
WARNING 2024-12-22 12:21:49,081 log Bad Request: /receive-message/
WARNING 2024-12-22 12:21:49,082 basehttp "POST /receive-message/ HTTP/1.1" 400 44
WARNING 2024-12-22 12:21:51,109 log Bad Request: /receive-message/
WARNING 2024-12-22 12:21:51,111 basehttp "POST /receive-message/ HTTP/1.1" 400 44
WARNING 2024-12-22 12:21:53,135 log Bad Request: /receive-message/
WARNING 2024-12-22 12:21:53,136 basehttp "POST /receive-message/ HTTP/1.1" 400 44
INFO 2024-12-22 12:22:38,405 autoreload D:\School\IT 120\Final Project\Final Project\Team\Billy\Receiving\receiving_project\receiving_application\views.py changed, reloading.
INFO 2024-12-22 12:22:39,137 autoreload Watching for file changes with StatReloader
WARNING 2024-12-22 12:22:45,998 log Unauthorized: /receive-message/
WARNING 2024-12-22 12:22:45,999 basehttp "GET /receive-message/ HTTP/1.1" 401 3756
WARNING 2024-12-22 12:22:50,871 log Bad Request: /receive-message/
WARNING 2024-12-22 12:22:50,871 basehttp "POST /receive-message/ HTTP/1.1" 400 31
WARNING 2024-12-22 12:22:52,991 log Bad Request: /receive-message/
WARNING 2024-12-22 12:22:52,992 basehttp "POST /receive-message/ HTTP/1.1" 400 31
WARNING 2024-12-22 12:22:55,129 log Bad Request: /receive-message/
WARNING 2024-12-22 12:22:55,130 basehttp "POST /receive-message/ HTTP/1.1" 400 31
INFO 2024-12-22 12:28:44,857 autoreload D:\School\IT 120\Final Project\Final Project\Team\Billy\Receiving\receiving_project\receiving_application\middleware.py changed, reloading.
INFO 2024-12-22 12:28:45,590 autoreload Watching for file changes with StatReloader
WARNING 2024-12-22 12:28:55,647 log Unauthorized: /receive-message/
WARNING 2024-12-22 12:28:55,648 basehttp "GET /receive-message/ HTTP/1.1" 401 3756
WARNING 2024-12-22 12:29:02,977 log Bad Request: /receive-message/
WARNING 2024-12-22 12:29:02,978 basehttp "POST /receive-message/ HTTP/1.1" 400 52
WARNING 2024-12-22 12:29:05,001 log Bad Request: /receive-message/
WARNING 2024-12-22 12:29:05,004 basehttp "POST /receive-message/ HTTP/1.1" 400 52
WARNING 2024-12-22 12:29:07,036 log Bad Request: /receive-message/
WARNING 2024-12-22 12:29:07,039 basehttp "POST /receive-message/ HTTP/1.1" 400 52
WARNING 2024-12-22 12:30:27,169 log Bad Request: /receive-message/
WARNING 2024-12-22 12:30:27,169 basehttp "POST /receive-message/ HTTP/1.1" 400 31
WARNING 2024-12-22 12:30:29,236 log Bad Request: /receive-message/
WARNING 2024-12-22 12:30:29,237 basehttp "POST /receive-message/ HTTP/1.1" 400 31
WARNING 2024-12-22 12:30:31,304 log Bad Request: /receive-message/
WARNING 2024-12-22 12:30:31,305 basehttp "POST /receive-message/ HTTP/1.1" 400 31
INFO 2024-12-22 12:45:31,479 autoreload D:\School\IT 120\Final Project\Final Project\Team\Billy\Receiving\receiving_project\receiving_application\middleware.py changed, reloading.
INFO 2024-12-22 12:45:32,547 autoreload Watching for file changes with StatReloader
INFO 2024-12-22 12:46:22,419 autoreload D:\School\IT 120\Final Project\Final Project\Team\Billy\Receiving\receiving_project\receiving_application\middleware.py changed, reloading.
INFO 2024-12-22 12:46:23,153 autoreload Watching for file changes with StatReloader
INFO 2024-12-22 12:49:28,883 autoreload D:\School\IT 120\Final Project\Final Project\Team\Billy\Receiving\receiving_project\receiving_application\middleware.py changed, reloading.
INFO 2024-12-22 12:49:29,710 autoreload Watching for file changes with StatReloader
INFO 2024-12-22 12:49:59,589 autoreload Watching for file changes with StatReloader
WARNING 2024-12-22 12:50:13,732 log Not Found: /
WARNING 2024-12-22 12:50:13,733 basehttp "GET / HTTP/1.1" 404 2441
WARNING 2024-12-22 12:50:17,763 log Unauthorized: /receive-message/
WARNING 2024-12-22 12:50:17,765 basehttp "GET /receive-message/ HTTP/1.1" 401 3756
WARNING 2024-12-22 12:50:18,262 log Unauthorized: /receive-message/
WARNING 2024-12-22 12:50:18,263 basehttp "GET /receive-message/ HTTP/1.1" 401 3756
WARNING 2024-12-22 12:50:22,655 log Bad Request: /receive-message/
WARNING 2024-12-22 12:50:22,659 basehttp "POST /receive-message/ HTTP/1.1" 400 52
WARNING 2024-12-22 12:50:24,675 log Bad Request: /receive-message/
WARNING 2024-12-22 12:50:24,677 basehttp "POST /receive-message/ HTTP/1.1" 400 52
WARNING 2024-12-22 12:50:26,725 log Bad Request: /receive-message/
WARNING 2024-12-22 12:50:26,727 basehttp "POST /receive-message/ HTTP/1.1" 400 52
WARNING 2024-12-22 12:52:30,947 log Unauthorized: /receive-message/
WARNING 2024-12-22 12:52:30,948 basehttp "GET /receive-message/ HTTP/1.1" 401 3756
WARNING 2024-12-22 12:52:35,218 log Bad Request: /receive-message/
WARNING 2024-12-22 12:52:35,218 basehttp "POST /receive-message/ HTTP/1.1" 400 52
WARNING 2024-12-22 12:52:37,226 log Bad Request: /receive-message/
WARNING 2024-12-22 12:52:37,227 basehttp "POST /receive-message/ HTTP/1.1" 400 52
WARNING 2024-12-22 12:52:39,235 log Bad Request: /receive-message/
WARNING 2024-12-22 12:52:39,236 basehttp "POST /receive-message/ HTTP/1.1" 400 52
INFO 2024-12-22 12:52:47,108 autoreload Watching for file changes with StatReloader
WARNING 2024-12-22 12:53:00,803 log Not Found: /
WARNING 2024-12-22 12:53:00,804 basehttp "GET / HTTP/1.1" 404 2441
WARNING 2024-12-22 12:53:04,384 log Unauthorized: /receive-message/
WARNING 2024-12-22 12:53:04,384 basehttp "GET /receive-message/ HTTP/1.1" 401 3756
WARNING 2024-12-22 12:53:05,062 log Unauthorized: /receive-message/
WARNING 2024-12-22 12:53:05,064 basehttp "GET /receive-message/ HTTP/1.1" 401 3756
WARNING 2024-12-22 12:53:09,474 log Bad Request: /receive-message/
WARNING 2024-12-22 12:53:09,475 basehttp "POST /receive-message/ HTTP/1.1" 400 31
WARNING 2024-12-22 12:53:11,550 log Bad Request: /receive-message/
WARNING 2024-12-22 12:53:11,551 basehttp "POST /receive-message/ HTTP/1.1" 400 31
WARNING 2024-12-22 12:53:13,647 log Bad Request: /receive-message/
WARNING 2024-12-22 12:53:13,648 basehttp "POST /receive-message/ HTTP/1.1" 400 31
INFO 2024-12-22 12:58:04,575 autoreload D:\School\IT 120\Final Project\Final Project\Team\Billy\Receiving\receiving_project\receiving_application\middleware.py changed, reloading.
INFO 2024-12-22 12:58:05,333 autoreload Watching for file changes with StatReloader
INFO 2024-12-22 12:58:34,535 autoreload Watching for file changes with StatReloader
WARNING 2024-12-22 12:58:41,601 log Not Found: /
WARNING 2024-12-22 12:58:41,602 basehttp "GET / HTTP/1.1" 404 2441
WARNING 2024-12-22 12:58:46,953 log Unauthorized: /receive-message/
WARNING 2024-12-22 12:58:46,954 basehttp "GET /receive-message/ HTTP/1.1" 401 3756
WARNING 2024-12-22 12:58:47,331 log Unauthorized: /receive-message/
WARNING 2024-12-22 12:58:47,331 basehttp "GET /receive-message/ HTTP/1.1" 401 3756
WARNING 2024-12-22 12:59:01,130 log Bad Request: /receive-message/
WARNING 2024-12-22 12:59:01,130 basehttp "POST /receive-message/ HTTP/1.1" 400 52
WARNING 2024-12-22 12:59:03,151 log Bad Request: /receive-message/
WARNING 2024-12-22 12:59:03,152 basehttp "POST /receive-message/ HTTP/1.1" 400 52
WARNING 2024-12-22 12:59:05,180 log Bad Request: /receive-message/
WARNING 2024-12-22 12:59:05,180 basehttp "POST /receive-message/ HTTP/1.1" 400 52
INFO 2024-12-22 13:01:05,707 autoreload Watching for file changes with StatReloader
WARNING 2024-12-22 13:01:09,735 log Not Found: /
WARNING 2024-12-22 13:01:09,736 basehttp "GET / HTTP/1.1" 404 2441
WARNING 2024-12-22 13:01:14,687 log Unauthorized: /receive-message/
WARNING 2024-12-22 13:01:14,688 basehttp "GET /receive-message/ HTTP/1.1" 401 3756
WARNING 2024-12-22 13:01:15,128 log Unauthorized: /receive-message/
WARNING 2024-12-22 13:01:15,129 basehttp "GET /receive-message/ HTTP/1.1" 401 3756
WARNING 2024-12-22 13:01:28,717 log Bad Request: /receive-message/
WARNING 2024-12-22 13:01:28,718 basehttp "POST /receive-message/ HTTP/1.1" 400 49
WARNING 2024-12-22 13:01:30,786 log Bad Request: /receive-message/
WARNING 2024-12-22 13:01:30,787 basehttp "POST /receive-message/ HTTP/1.1" 400 49
WARNING 2024-12-22 13:01:32,902 log Bad Request: /receive-message/
WARNING 2024-12-22 13:01:32,905 basehttp "POST /receive-message/ HTTP/1.1" 400 49
WARNING 2024-12-22 13:01:33,257 log Bad Request: /receive-message/
WARNING 2024-12-22 13:01:33,258 basehttp "POST /receive-message/ HTTP/1.1" 400 49
WARNING 2024-12-22 13:01:35,314 log Bad Request: /receive-message/
WARNING 2024-12-22 13:01:35,316 basehttp "POST /receive-message/ HTTP/1.1" 400 49
WARNING 2024-12-22 13:01:37,385 log Bad Request: /receive-message/
WARNING 2024-12-22 13:01:37,386 basehttp "POST /receive-message/ HTTP/1.1" 400 49
INFO 2024-12-22 13:09:00,961 autoreload D:\School\IT 120\Final Project\Final Project\Team\Billy\Receiving\receiving_project\receiving_application\middleware.py changed, reloading.
INFO 2024-12-22 13:09:01,734 autoreload Watching for file changes with StatReloader
INFO 2024-12-22 13:09:10,448 autoreload Watching for file changes with StatReloader
WARNING 2024-12-22 13:09:13,526 log Not Found: /
WARNING 2024-12-22 13:09:13,527 basehttp "GET / HTTP/1.1" 404 2441
WARNING 2024-12-22 13:09:26,889 log Unauthorized: /receive-message/
WARNING 2024-12-22 13:09:26,891 basehttp "GET /receive-message/ HTTP/1.1" 401 3756
WARNING 2024-12-22 13:09:27,536 log Unauthorized: /receive-message/
WARNING 2024-12-22 13:09:27,537 basehttp "GET /receive-message/ HTTP/1.1" 401 3756
WARNING 2024-12-22 13:09:33,067 log Bad Request: /receive-message/
WARNING 2024-12-22 13:09:33,068 basehttp "POST /receive-message/ HTTP/1.1" 400 31
WARNING 2024-12-22 13:09:35,161 log Bad Request: /receive-message/
WARNING 2024-12-22 13:09:35,161 basehttp "POST /receive-message/ HTTP/1.1" 400 31
WARNING 2024-12-22 13:09:37,260 log Bad Request: /receive-message/
WARNING 2024-12-22 13:09:37,260 basehttp "POST /receive-message/ HTTP/1.1" 400 31
INFO 2024-12-22 13:35:48,209 autoreload Watching for file changes with StatReloader
WARNING 2024-12-22 13:35:52,110 log Not Found: /
WARNING 2024-12-22 13:35:52,112 basehttp "GET / HTTP/1.1" 404 2441
WARNING 2024-12-22 13:35:58,877 log Unauthorized: /receive-message/
WARNING 2024-12-22 13:35:58,878 basehttp "GET /receive-message/ HTTP/1.1" 401 3756
WARNING 2024-12-22 13:35:59,422 log Unauthorized: /receive-message/
WARNING 2024-12-22 13:35:59,424 basehttp "GET /receive-message/ HTTP/1.1" 401 3756
WARNING 2024-12-22 13:36:12,701 log Bad Request: /receive-message/
WARNING 2024-12-22 13:36:12,702 basehttp "POST /receive-message/ HTTP/1.1" 400 31
WARNING 2024-12-22 13:36:14,732 log Bad Request: /receive-message/
WARNING 2024-12-22 13:36:14,735 basehttp "POST /receive-message/ HTTP/1.1" 400 31
WARNING 2024-12-22 13:36:16,785 log Bad Request: /receive-message/
WARNING 2024-12-22 13:36:16,788 basehttp "POST /receive-message/ HTTP/1.1" 400 31
INFO 2024-12-22 13:37:24,639 autoreload Watching for file changes with StatReloader
WARNING 2024-12-22 13:37:28,182 log Not Found: /
WARNING 2024-12-22 13:37:28,183 basehttp "GET / HTTP/1.1" 404 2441
WARNING 2024-12-22 13:37:37,597 log Unauthorized: /receive-message/
WARNING 2024-12-22 13:37:37,598 basehttp "GET /receive-message/ HTTP/1.1" 401 3756
WARNING 2024-12-22 13:37:38,391 log Unauthorized: /receive-message/
WARNING 2024-12-22 13:37:38,392 basehttp "GET /receive-message/ HTTP/1.1" 401 3756
WARNING 2024-12-22 13:37:50,623 log Bad Request: /receive-message/
WARNING 2024-12-22 13:37:50,626 basehttp "POST /receive-message/ HTTP/1.1" 400 31
WARNING 2024-12-22 13:37:52,658 log Bad Request: /receive-message/
WARNING 2024-12-22 13:37:52,659 basehttp "POST /receive-message/ HTTP/1.1" 400 31
WARNING 2024-12-22 13:37:54,698 log Bad Request: /receive-message/
WARNING 2024-12-22 13:37:54,702 basehttp "POST /receive-message/ HTTP/1.1" 400 31
INFO 2024-12-22 13:39:16,539 autoreload D:\School\IT 120\Final Project\Final Project\Team\Billy\Receiving\receiving_project\receiving_application\middleware.py changed, reloading.
INFO 2024-12-22 13:39:17,417 autoreload Watching for file changes with StatReloader
INFO 2024-12-22 13:39:36,299 autoreload Watching for file changes with StatReloader
WARNING 2024-12-22 13:39:47,041 log Not Found: /
WARNING 2024-12-22 13:39:47,042 basehttp "GET / HTTP/1.1" 404 2441
WARNING 2024-12-22 13:40:14,122 log Unauthorized: /receive-message/
WARNING 2024-12-22 13:40:14,123 basehttp "GET /receive-message/ HTTP/1.1" 401 3756
WARNING 2024-12-22 13:40:14,615 log Unauthorized: /receive-message/
WARNING 2024-12-22 13:40:14,616 basehttp "GET /receive-message/ HTTP/1.1" 401 3756
WARNING 2024-12-22 13:40:20,121 log Bad Request: /receive-message/
WARNING 2024-12-22 13:40:20,124 basehttp "POST /receive-message/ HTTP/1.1" 400 31
WARNING 2024-12-22 13:40:22,157 log Bad Request: /receive-message/
WARNING 2024-12-22 13:40:22,158 basehttp "POST /receive-message/ HTTP/1.1" 400 31
WARNING 2024-12-22 13:40:24,185 log Bad Request: /receive-message/
WARNING 2024-12-22 13:40:24,188 basehttp "POST /receive-message/ HTTP/1.1" 400 31
INFO 2024-12-22 13:49:17,355 autoreload Watching for file changes with StatReloader
WARNING 2024-12-22 13:49:27,786 log Not Found: /
WARNING 2024-12-22 13:49:27,787 basehttp "GET / HTTP/1.1" 404 2441
WARNING 2024-12-22 13:49:42,353 log Unauthorized: /receive-message/
WARNING 2024-12-22 13:49:42,354 basehttp "GET /receive-message/ HTTP/1.1" 401 3756
WARNING 2024-12-22 13:49:43,156 log Unauthorized: /receive-message/
WARNING 2024-12-22 13:49:43,157 basehttp "GET /receive-message/ HTTP/1.1" 401 3756
WARNING 2024-12-22 13:49:47,566 log Bad Request: /receive-message/
WARNING 2024-12-22 13:49:47,566 basehttp "POST /receive-message/ HTTP/1.1" 400 31
WARNING 2024-12-22 13:49:49,586 log Bad Request: /receive-message/
WARNING 2024-12-22 13:49:49,592 basehttp "POST /receive-message/ HTTP/1.1" 400 31
WARNING 2024-12-22 13:49:51,642 log Bad Request: /receive-message/
WARNING 2024-12-22 13:49:51,647 basehttp "POST /receive-message/ HTTP/1.1" 400 31
INFO 2024-12-22 13:54:07,404 autoreload Watching for file changes with StatReloader
WARNING 2024-12-22 13:54:18,210 log Not Found: /
WARNING 2024-12-22 13:54:18,211 basehttp "GET / HTTP/1.1" 404 2441
WARNING 2024-12-22 13:54:32,210 log Unauthorized: /receive-message/
WARNING 2024-12-22 13:54:32,214 basehttp "GET /receive-message/ HTTP/1.1" 401 3756
WARNING 2024-12-22 13:54:33,820 log Unauthorized: /receive-message/
WARNING 2024-12-22 13:54:33,821 basehttp "GET /receive-message/ HTTP/1.1" 401 3756
WARNING 2024-12-22 13:54:38,201 log Bad Request: /receive-message/
WARNING 2024-12-22 13:54:38,207 basehttp "POST /receive-message/ HTTP/1.1" 400 31
WARNING 2024-12-22 13:54:40,249 log Bad Request: /receive-message/
WARNING 2024-12-22 13:54:40,253 basehttp "POST /receive-message/ HTTP/1.1" 400 31
WARNING 2024-12-22 13:54:42,289 log Bad Request: /receive-message/
WARNING 2024-12-22 13:54:42,290 basehttp "POST /receive-message/ HTTP/1.1" 400 31
INFO 2024-12-22 13:55:42,392 autoreload D:\School\IT 120\Final Project\Final Project\Team\Billy\Receiving\receiving_project\receiving_application\middleware.py changed, reloading.
INFO 2024-12-22 13:55:43,085 autoreload Watching for file changes with StatReloader
INFO 2024-12-22 13:57:04,928 autoreload Watching for file changes with StatReloader
WARNING 2024-12-22 13:57:07,297 log Not Found: /
WARNING 2024-12-22 13:57:07,298 basehttp "GET / HTTP/1.1" 404 2441
WARNING 2024-12-22 13:57:19,944 log Unauthorized: /receive-message/
WARNING 2024-12-22 13:57:19,946 basehttp "GET /receive-message/ HTTP/1.1" 401 3756
WARNING 2024-12-22 13:57:20,447 log Unauthorized: /receive-message/
WARNING 2024-12-22 13:57:20,448 basehttp "GET /receive-message/ HTTP/1.1" 401 3756
WARNING 2024-12-22 13:57:24,785 log Bad Request: /receive-message/
WARNING 2024-12-22 13:57:24,786 basehttp "POST /receive-message/ HTTP/1.1" 400 31
WARNING 2024-12-22 13:57:26,818 log Bad Request: /receive-message/
WARNING 2024-12-22 13:57:26,819 basehttp "POST /receive-message/ HTTP/1.1" 400 31
WARNING 2024-12-22 13:57:28,842 log Bad Request: /receive-message/
WARNING 2024-12-22 13:57:28,848 basehttp "POST /receive-message/ HTTP/1.1" 400 31
